{"content": {"suites": {"0": {"status": {"total_pass": 0, "total_skip": 0, "total_xpass": 0, "total_xfail": 0, "total_rerun": 0, "total_fail": 14, "total_error": 0}, "tests": {"0": {"status": "FAIL", "message": "   selenium.common.exceptions.NoSuchElementException: Message: no such element: Unable to locate element: {\"method\":\"css selector\",\"selector\":\"[id=\"username\"]\"}\n     (Session info: chrome=88.0.4324.190)\n", "test_name": "test_validateUpperNavigator", "rerun": "0"}, "1": {"status": "FAIL", "message": "   AssertionError: assert [] == ['User', 'Group', 'Transaction', 'POF User', 'Card', 'P2P Gr', 'Logs']\n", "test_name": "test_validateEntityNavigator", "rerun": "0"}, "2": {"status": "FAIL", "message": "   AssertionError: assert [] == ['phone',\\n 'email',\\n 'name',\\n 'pid',\\n 'israeli id',\\n 'uuid',\\n 'Bank Acc',\\n 'parmx',\\n '4-digits',\\n 'group name',\\n 'groupId']\n", "test_name": "test_validateUserSubMenu", "rerun": "0"}, "3": {"status": "FAIL", "message": "   IndexError: list index out of range\n", "test_name": "test_validateGroupSubMenu", "rerun": "0"}, "4": {"status": "FAIL", "message": "   IndexError: list index out of range\n", "test_name": "test_validateTransactionSubMenu", "rerun": "0"}, "5": {"status": "FAIL", "message": "   IndexError: list index out of range\n", "test_name": "test_validatePofSubMenu", "rerun": "0"}, "6": {"status": "FAIL", "message": "   IndexError: list index out of range\n", "test_name": "test_validateCardSubMenu", "rerun": "0"}, "7": {"status": "FAIL", "message": "   IndexError: list index out of range\n", "test_name": "test_validatePhoneSearchData", "rerun": "0"}, "8": {"status": "FAIL", "message": "   IndexError: list index out of range\n", "test_name": "test_validateEmailSearchData", "rerun": "0"}, "9": {"status": "FAIL", "message": "   IndexError: list index out of range\n", "test_name": "test_validateNameSearchData", "rerun": "0"}, "10": {"status": "FAIL", "message": "   IndexError: list index out of range\n", "test_name": "test_validateUidSearchData", "rerun": "0"}, "11": {"status": "FAIL", "message": "   IndexError: list index out of range\n", "test_name": "test_validateGroupIDSearchData", "rerun": "0"}, "12": {"status": "FAIL", "message": "   IndexError: list index out of range\n", "test_name": "test_validateGroupNameSearchData", "rerun": "0"}, "13": {"status": "FAIL", "message": "   IndexError: list index out of range\n", "test_name": "test_validateParmxSearchData", "rerun": "0"}}, "suite_name": "test_homePage.py"}}}, "date": "March 04, 2021", "start_time": 1614858935, "total_suite": 1, "status": "FAIL", "status_list": {"pass": "0", "fail": "14", "skip": "0", "error": "0", "xpass": "0", "xfail": "0", "rerun": "0"}, "total_tests": "14"}